# JRE version: OpenJDK Runtime Environment (11.0.3+7) (build 11.0.3+7)
# Java VM: OpenJDK 64-Bit Server VM (11.0.3+7, mixed mode, tiered, compressed oops, g1 gc, windows-amd64)
Heap:
 garbage-first heap   total 381952K, used 76716K [0x0000000703200000, 0x0000000800000000)
  region size 1024K, 4 young (4096K), 4 survivors (4096K)
 Metaspace       used 8885K, capacity 9079K, committed 9216K, reserved 1056768K
  class space    used 823K, capacity 919K, committed 1024K, reserved 1048576K
GC Heap History (9 events):
Event: 1.255 GC heap before
{Heap before GC invocations=0 (full 0):
 garbage-first heap   total 260096K, used 24576K [0x0000000703200000, 0x0000000800000000)
  region size 1024K, 24 young (24576K), 0 survivors (0K)
 Metaspace       used 8884K, capacity 9079K, committed 9216K, reserved 1056768K
  class space    used 823K, capacity 919K, committed 1024K, reserved 1048576K
}
Event: 1.272 GC heap after
{Heap after GC invocations=1 (full 0):
 garbage-first heap   total 260096K, used 14677K [0x0000000703200000, 0x0000000800000000)
  region size 1024K, 3 young (3072K), 3 survivors (3072K)
 Metaspace       used 8884K, capacity 9079K, committed 9216K, reserved 1056768K
  class space    used 823K, capacity 919K, committed 1024K, reserved 1048576K
}
Event: 1.336 GC heap before
{Heap before GC invocations=1 (full 0):
 garbage-first heap   total 260096K, used 25941K [0x0000000703200000, 0x0000000800000000)
  region size 1024K, 12 young (12288K), 3 survivors (3072K)
 Metaspace       used 8885K, capacity 9079K, committed 9216K, reserved 1056768K
  class space    used 823K, capacity 919K, committed 1024K, reserved 1048576K
}
Event: 1.349 GC heap after
{Heap after GC invocations=2 (full 0):
 garbage-first heap   total 260096K, used 24338K [0x0000000703200000, 0x0000000800000000)
  region size 1024K, 2 young (2048K), 2 survivors (2048K)
 Metaspace       used 8885K, capacity 9079K, committed 9216K, reserved 1056768K
  class space    used 823K, capacity 919K, committed 1024K, reserved 1048576K
}
Event: 1.447 GC heap before
{Heap before GC invocations=2 (full 0):
 garbage-first heap   total 260096K, used 40722K [0x0000000703200000, 0x0000000800000000)
  region size 1024K, 16 young (16384K), 2 survivors (2048K)
 Metaspace       used 8885K, capacity 9079K, committed 9216K, reserved 1056768K
  class space    used 823K, capacity 919K, committed 1024K, reserved 1048576K
}
Event: 1.466 GC heap after
{Heap after GC invocations=3 (full 0):
 garbage-first heap   total 260096K, used 38912K [0x0000000703200000, 0x0000000800000000)
  region size 1024K, 2 young (2048K), 2 survivors (2048K)
 Metaspace       used 8885K, capacity 9079K, committed 9216K, reserved 1056768K
  class space    used 823K, capacity 919K, committed 1024K, reserved 1048576K
}
Event: 1.576 GC heap before
{Heap before GC invocations=3 (full 0):
 garbage-first heap   total 260096K, used 52224K [0x0000000703200000, 0x0000000800000000)
  region size 1024K, 15 young (15360K), 2 survivors (2048K)
 Metaspace       used 8885K, capacity 9079K, committed 9216K, reserved 1056768K
  class space    used 823K, capacity 919K, committed 1024K, reserved 1048576K
}
Event: 1.594 GC heap after
{Heap after GC invocations=4 (full 0):
 garbage-first heap   total 260096K, used 49152K [0x0000000703200000, 0x0000000800000000)
  region size 1024K, 2 young (2048K), 2 survivors (2048K)
 Metaspace       used 8885K, capacity 9079K, committed 9216K, reserved 1056768K
  class space    used 823K, capacity 919K, committed 1024K, reserved 1048576K
}
Event: 1.775 GC heap before
{Heap before GC invocations=4 (full 0):
 garbage-first heap   total 260096K, used 80896K [0x0000000703200000, 0x0000000800000000)
  region size 1024K, 27 young (27648K), 2 survivors (2048K)
 Metaspace       used 8885K, capacity 9079K, committed 9216K, reserved 1056768K
  class space    used 823K, capacity 919K, committed 1024K, reserved 1048576K
}

