# JRE version: OpenJDK Runtime Environment (11.0.3+7) (build 11.0.3+7)
# Java VM: OpenJDK 64-Bit Server VM (11.0.3+7, mixed mode, tiered, compressed oops, g1 gc, windows-amd64)
Heap:
 garbage-first heap   total 821248K, used 202240K [0x0000000703200000, 0x0000000800000000)
  region size 1024K, 5 young (5120K), 5 survivors (5120K)
 Metaspace       used 8886K, capacity 9079K, committed 9216K, reserved 1056768K
  class space    used 824K, capacity 919K, committed 1024K, reserved 1048576K
GC Heap History (10 events):
Event: 1.880 GC heap after
{Heap after GC invocations=4 (full 0):
 garbage-first heap   total 260096K, used 49904K [0x0000000703200000, 0x0000000800000000)
  region size 1024K, 3 young (3072K), 3 survivors (3072K)
 Metaspace       used 8886K, capacity 9079K, committed 9216K, reserved 1056768K
  class space    used 824K, capacity 919K, committed 1024K, reserved 1048576K
}
Event: 2.033 GC heap before
{Heap before GC invocations=4 (full 0):
 garbage-first heap   total 260096K, used 79600K [0x0000000703200000, 0x0000000800000000)
  region size 1024K, 27 young (27648K), 3 survivors (3072K)
 Metaspace       used 8886K, capacity 9079K, committed 9216K, reserved 1056768K
  class space    used 824K, capacity 919K, committed 1024K, reserved 1048576K
}
Event: 2.080 GC heap after
{Heap after GC invocations=5 (full 0):
 garbage-first heap   total 410624K, used 78167K [0x0000000703200000, 0x0000000800000000)
  region size 1024K, 4 young (4096K), 4 survivors (4096K)
 Metaspace       used 8886K, capacity 9079K, committed 9216K, reserved 1056768K
  class space    used 824K, capacity 919K, committed 1024K, reserved 1048576K
}
Event: 2.192 GC heap before
{Heap before GC invocations=5 (full 0):
 garbage-first heap   total 410624K, used 100695K [0x0000000703200000, 0x0000000800000000)
  region size 1024K, 26 young (26624K), 4 survivors (4096K)
 Metaspace       used 8886K, capacity 9079K, committed 9216K, reserved 1056768K
  class space    used 824K, capacity 919K, committed 1024K, reserved 1048576K
}
Event: 2.219 GC heap after
{Heap after GC invocations=6 (full 0):
 garbage-first heap   total 410624K, used 98683K [0x0000000703200000, 0x0000000800000000)
  region size 1024K, 4 young (4096K), 4 survivors (4096K)
 Metaspace       used 8886K, capacity 9079K, committed 9216K, reserved 1056768K
  class space    used 824K, capacity 919K, committed 1024K, reserved 1048576K
}
Event: 2.476 GC heap before
{Heap before GC invocations=6 (full 0):
 garbage-first heap   total 410624K, used 149883K [0x0000000703200000, 0x0000000800000000)
  region size 1024K, 42 young (43008K), 4 survivors (4096K)
 Metaspace       used 8886K, capacity 9079K, committed 9216K, reserved 1056768K
  class space    used 824K, capacity 919K, committed 1024K, reserved 1048576K
}
Event: 2.512 GC heap after
{Heap after GC invocations=7 (full 0):
 garbage-first heap   total 410624K, used 145408K [0x0000000703200000, 0x0000000800000000)
  region size 1024K, 6 young (6144K), 6 survivors (6144K)
 Metaspace       used 8886K, capacity 9079K, committed 9216K, reserved 1056768K
  class space    used 824K, capacity 919K, committed 1024K, reserved 1048576K
}
Event: 2.648 GC heap before
{Heap before GC invocations=7 (full 0):
 garbage-first heap   total 410624K, used 179200K [0x0000000703200000, 0x0000000800000000)
  region size 1024K, 38 young (38912K), 6 survivors (6144K)
 Metaspace       used 8886K, capacity 9079K, committed 9216K, reserved 1056768K
  class space    used 824K, capacity 919K, committed 1024K, reserved 1048576K
}
Event: 2.683 GC heap after
{Heap after GC invocations=8 (full 0):
 garbage-first heap   total 410624K, used 175616K [0x0000000703200000, 0x0000000800000000)
  region size 1024K, 5 young (5120K), 5 survivors (5120K)
 Metaspace       used 8886K, capacity 9079K, committed 9216K, reserved 1056768K
  class space    used 824K, capacity 919K, committed 1024K, reserved 1048576K
}
Event: 2.821 GC heap before
{Heap before GC invocations=8 (full 0):
 garbage-first heap   total 410624K, used 204288K [0x0000000703200000, 0x0000000800000000)
  region size 1024K, 33 young (33792K), 5 survivors (5120K)
 Metaspace       used 8886K, capacity 9079K, committed 9216K, reserved 1056768K
  class space    used 824K, capacity 919K, committed 1024K, reserved 1048576K
}

